#! /c/Source/iverilog-install/bin/vvp
:ivl_version "12.0 (devel)" "(s20150603-1110-g18392a46)";
:ivl_delay_selection "TYPICAL";
:vpi_time_precision + 0;
:vpi_module "C:\iverilog\lib\ivl\system.vpi";
:vpi_module "C:\iverilog\lib\ivl\vhdl_sys.vpi";
:vpi_module "C:\iverilog\lib\ivl\vhdl_textio.vpi";
:vpi_module "C:\iverilog\lib\ivl\v2005_math.vpi";
:vpi_module "C:\iverilog\lib\ivl\va_math.vpi";
S_000001817ae89d80 .scope module, "mux2x1_str_tb" "mux2x1_str_tb" 2 2;
 .timescale 0 0;
v000001817ad96210_0 .var "a", 0 0;
v000001817ad962b0_0 .var "b", 0 0;
v000001817ad96350_0 .net "out", 0 0, L_000001817ad93560;  1 drivers
v000001817addd840_0 .var "sel", 0 0;
S_000001817ad95f40 .scope module, "DUT" "mux2x1_str" 2 5, 3 1 0, S_000001817ae89d80;
 .timescale 0 0;
    .port_info 0 /OUTPUT 1 "out";
    .port_info 1 /INPUT 1 "a";
    .port_info 2 /INPUT 1 "b";
    .port_info 3 /INPUT 1 "sel";
L_000001817ae87130 .functor AND 1, v000001817ad96210_0, v000001817addd840_0, C4<1>, C4<1>;
L_000001817ad934f0 .functor AND 1, v000001817ad962b0_0, L_000001817ad93330, C4<1>, C4<1>;
L_000001817ad93330 .functor NOT 1, v000001817addd840_0, C4<0>, C4<0>, C4<0>;
L_000001817ad93560 .functor OR 1, L_000001817ae87130, L_000001817ad934f0, C4<0>, C4<0>;
v000001817ae87580_0 .net "a", 0 0, v000001817ad96210_0;  1 drivers
v000001817ae87360_0 .net "b", 0 0, v000001817ad962b0_0;  1 drivers
v000001817ae87090_0 .net "out", 0 0, L_000001817ad93560;  alias, 1 drivers
v000001817ae89f10_0 .net "out1", 0 0, L_000001817ae87130;  1 drivers
v000001817ae89fb0_0 .net "out2", 0 0, L_000001817ad934f0;  1 drivers
v000001817ad960d0_0 .net "sel", 0 0, v000001817addd840_0;  1 drivers
v000001817ad96170_0 .net "selb", 0 0, L_000001817ad93330;  1 drivers
    .scope S_000001817ae89d80;
T_0 ;
    %vpi_call 2 8 "$monitor", "At time %t,a=(%0d),b=(%0d),sel=(%0d)", $time, v000001817ad96210_0, v000001817ad962b0_0, v000001817addd840_0 {0 0 0};
    %vpi_call 2 9 "$dumpfile", "mux2x1_str_tb.vcd" {0 0 0};
    %vpi_call 2 10 "$dumpvars", 32'sb00000000000000000000000000000000, S_000001817ae89d80 {0 0 0};
    %pushi/vec4 0, 0, 1;
    %store/vec4 v000001817ad96210_0, 0, 1;
    %pushi/vec4 0, 0, 1;
    %store/vec4 v000001817ad962b0_0, 0, 1;
    %pushi/vec4 0, 0, 1;
    %store/vec4 v000001817addd840_0, 0, 1;
    %delay 10, 0;
    %pushi/vec4 0, 0, 1;
    %store/vec4 v000001817ad96210_0, 0, 1;
    %pushi/vec4 0, 0, 1;
    %store/vec4 v000001817ad962b0_0, 0, 1;
    %pushi/vec4 1, 0, 1;
    %store/vec4 v000001817addd840_0, 0, 1;
    %delay 10, 0;
    %pushi/vec4 0, 0, 1;
    %store/vec4 v000001817ad96210_0, 0, 1;
    %pushi/vec4 1, 0, 1;
    %store/vec4 v000001817ad962b0_0, 0, 1;
    %pushi/vec4 0, 0, 1;
    %store/vec4 v000001817addd840_0, 0, 1;
    %delay 10, 0;
    %pushi/vec4 0, 0, 1;
    %store/vec4 v000001817ad96210_0, 0, 1;
    %pushi/vec4 1, 0, 1;
    %store/vec4 v000001817ad962b0_0, 0, 1;
    %pushi/vec4 1, 0, 1;
    %store/vec4 v000001817addd840_0, 0, 1;
    %delay 10, 0;
    %pushi/vec4 1, 0, 1;
    %store/vec4 v000001817ad96210_0, 0, 1;
    %pushi/vec4 0, 0, 1;
    %store/vec4 v000001817ad962b0_0, 0, 1;
    %pushi/vec4 0, 0, 1;
    %store/vec4 v000001817addd840_0, 0, 1;
    %delay 10, 0;
    %pushi/vec4 1, 0, 1;
    %store/vec4 v000001817ad96210_0, 0, 1;
    %pushi/vec4 0, 0, 1;
    %store/vec4 v000001817ad962b0_0, 0, 1;
    %pushi/vec4 1, 0, 1;
    %store/vec4 v000001817addd840_0, 0, 1;
    %delay 10, 0;
    %pushi/vec4 1, 0, 1;
    %store/vec4 v000001817ad96210_0, 0, 1;
    %pushi/vec4 1, 0, 1;
    %store/vec4 v000001817ad962b0_0, 0, 1;
    %pushi/vec4 0, 0, 1;
    %store/vec4 v000001817addd840_0, 0, 1;
    %delay 10, 0;
    %pushi/vec4 1, 0, 1;
    %store/vec4 v000001817ad96210_0, 0, 1;
    %pushi/vec4 1, 0, 1;
    %store/vec4 v000001817ad962b0_0, 0, 1;
    %pushi/vec4 1, 0, 1;
    %store/vec4 v000001817addd840_0, 0, 1;
    %delay 10, 0;
    %end;
    .thread T_0;
# The file index is used to find the file name in the following table.
:file_names 4;
    "N/A";
    "<interactive>";
    "tb_mux2x1.v";
    "./mux2x1.v";
