#! /c/Source/iverilog-install/bin/vvp
:ivl_version "12.0 (devel)" "(s20150603-1110-g18392a46)";
:ivl_delay_selection "TYPICAL";
:vpi_time_precision + 0;
:vpi_module "C:\iverilog\lib\ivl\system.vpi";
:vpi_module "C:\iverilog\lib\ivl\vhdl_sys.vpi";
:vpi_module "C:\iverilog\lib\ivl\vhdl_textio.vpi";
:vpi_module "C:\iverilog\lib\ivl\v2005_math.vpi";
:vpi_module "C:\iverilog\lib\ivl\va_math.vpi";
S_000002504ef12880 .scope module, "des_moore" "des_moore" 2 1;
 .timescale 0 0;
    .port_info 0 /OUTPUT 1 "y";
    .port_info 1 /INPUT 1 "in";
    .port_info 2 /INPUT 1 "rst";
    .port_info 3 /INPUT 1 "clk";
P_000002504ef12a10 .param/l "S0" 0 2 1, C4<000>;
P_000002504ef12a48 .param/l "S1" 0 2 1, C4<001>;
P_000002504ef12a80 .param/l "S2" 0 2 1, C4<010>;
o000002504ef47fd8 .functor BUFZ 1, C4<z>; HiZ drive
v000002504ef12d80_0 .net "clk", 0 0, o000002504ef47fd8;  0 drivers
o000002504ef48008 .functor BUFZ 1, C4<z>; HiZ drive
v000002504f04bea0_0 .net "in", 0 0, o000002504ef48008;  0 drivers
v000002504ef12ac0_0 .var "nstate", 2 0;
v000002504ef12b60_0 .var "pstate", 2 0;
o000002504ef48098 .functor BUFZ 1, C4<z>; HiZ drive
v000002504ef440a0_0 .net "rst", 0 0, o000002504ef48098;  0 drivers
v000002504ef44140_0 .var "y", 0 0;
E_000002504f04c7b0 .event anyedge, v000002504ef12b60_0, v000002504f04bea0_0;
E_000002504f04c1b0 .event posedge, v000002504ef12d80_0;
    .scope S_000002504ef12880;
T_0 ;
    %wait E_000002504f04c1b0;
    %load/vec4 v000002504ef440a0_0;
    %flag_set/vec4 8;
    %jmp/0xz  T_0.0, 8;
    %pushi/vec4 0, 0, 3;
    %assign/vec4 v000002504ef12b60_0, 0;
    %jmp T_0.1;
T_0.0 ;
    %load/vec4 v000002504ef12ac0_0;
    %assign/vec4 v000002504ef12b60_0, 0;
T_0.1 ;
    %jmp T_0;
    .thread T_0;
    .scope S_000002504ef12880;
T_1 ;
    %wait E_000002504f04c7b0;
    %load/vec4 v000002504ef12b60_0;
    %dup/vec4;
    %pushi/vec4 0, 0, 3;
    %cmp/u;
    %jmp/1 T_1.0, 6;
    %dup/vec4;
    %pushi/vec4 1, 0, 3;
    %cmp/u;
    %jmp/1 T_1.1, 6;
    %dup/vec4;
    %pushi/vec4 2, 0, 3;
    %cmp/u;
    %jmp/1 T_1.2, 6;
    %jmp T_1.3;
T_1.0 ;
    %pushi/vec4 0, 0, 1;
    %store/vec4 v000002504ef44140_0, 0, 1;
    %load/vec4 v000002504f04bea0_0;
    %pad/u 32;
    %cmpi/e 0, 0, 32;
    %jmp/0xz  T_1.4, 4;
    %pushi/vec4 0, 0, 3;
    %store/vec4 v000002504ef12ac0_0, 0, 3;
    %jmp T_1.5;
T_1.4 ;
    %pushi/vec4 1, 0, 3;
    %store/vec4 v000002504ef12ac0_0, 0, 3;
T_1.5 ;
    %jmp T_1.3;
T_1.1 ;
    %pushi/vec4 0, 0, 1;
    %store/vec4 v000002504ef44140_0, 0, 1;
    %load/vec4 v000002504f04bea0_0;
    %pad/u 32;
    %cmpi/e 1, 0, 32;
    %jmp/0xz  T_1.6, 4;
    %pushi/vec4 2, 0, 3;
    %store/vec4 v000002504ef12ac0_0, 0, 3;
    %jmp T_1.7;
T_1.6 ;
    %pushi/vec4 0, 0, 3;
    %store/vec4 v000002504ef12ac0_0, 0, 3;
T_1.7 ;
    %jmp T_1.3;
T_1.2 ;
    %pushi/vec4 1, 0, 1;
    %store/vec4 v000002504ef44140_0, 0, 1;
    %load/vec4 v000002504f04bea0_0;
    %pad/u 32;
    %cmpi/e 1, 0, 32;
    %jmp/0xz  T_1.8, 4;
    %pushi/vec4 2, 0, 3;
    %store/vec4 v000002504ef12ac0_0, 0, 3;
    %jmp T_1.9;
T_1.8 ;
    %pushi/vec4 0, 0, 3;
    %store/vec4 v000002504ef12ac0_0, 0, 3;
T_1.9 ;
    %jmp T_1.3;
T_1.3 ;
    %pop/vec4 1;
    %jmp T_1;
    .thread T_1, $push;
# The file index is used to find the file name in the following table.
:file_names 3;
    "N/A";
    "<interactive>";
    "labexam.v";
